cassius_ctc@hotmail.com Sua solicitação foi enviada com sucesso aguarde nos prossimos dias a resposta a analize do seu pedido!!!!
cassius_ctc@hotmail.com Sua solicitação foi enviada com sucesso aguarde nos prossimos dias a resposta a analize do seu pedido!!!!
cassius_ctc@hotmail.com|Sua Solicitação de Mac foi Deferida com sucesso! Segue os dados do serviço solicitado:
cassius_ctc@hotmail.com|Sua Solicitação de Mac foi Deferida com sucesso! Segue os dados do serviço solicitado:
cassius_ctc@hotmail.com|Sua solicitação foi indeferida. Motivo:aijfwifuwfi. Dados do usuario|Nome: CASSIUS TALES CORDEIRO|Email: cassius_ctc@hotmail.com!!!
cassius_ctc@hotmail.com|Sua Solicitação de Mac foi Deferida com sucesso! Segue os dados do serviço solicitado:
admin@admin Sua solicitação foi enviada com sucesso aguarde nos prossimos dias a resposta a analize do seu pedido!!!!
admin@admin Sua solicitação foi enviada com sucesso aguarde nos prossimos dias a resposta a analize do seu pedido!!!!
admin@admin Sua solicitação foi enviada com sucesso aguarde nos prossimos dias a resposta a analize do seu pedido!!!!
admin@admin Sua solicitação foi enviada com sucesso aguarde nos prossimos dias a resposta a analize do seu pedido!!!!
admin@admin Sua solicitação foi enviada com sucesso aguarde nos prossimos dias a resposta a analize do seu pedido!!!!
admin@admin Sua solicitação foi enviada com sucesso aguarde nos prossimos dias a resposta a analize do seu pedido!!!!
admin@admin Sua solicitação foi enviada com sucesso aguarde nos prossimos dias a resposta a analize do seu pedido!!!!
admin@admin Sua solicitação foi enviada com sucesso aguarde nos prossimos dias a resposta a analize do seu pedido!!!!
admin@admin Sua solicitação foi enviada com sucesso aguarde nos prossimos dias a resposta a analize do seu pedido!!!!
admin@admin Sua solicitação foi enviada com sucesso aguarde nos prossimos dias a resposta a analize do seu pedido!!!!
admin@admin Sua solicitação foi enviada com sucesso aguarde nos prossimos dias a resposta a analize do seu pedido!!!!
admin@admin Sua solicitação foi enviada com sucesso aguarde nos prossimos dias a resposta a analize do seu pedido!!!!
admin@admin Sua solicitação foi enviada com sucesso aguarde nos prossimos dias a resposta a analize do seu pedido!!!!
admin@admin Sua solicitação foi enviada com sucesso aguarde nos prossimos dias a resposta a analize do seu pedido!!!!
admin@admin Sua solicitação foi enviada com sucesso aguarde nos prossimos dias a resposta a analize do seu pedido!!!!
admin@admin Sua solicitação foi enviada com sucesso aguarde nos prossimos dias a resposta a analize do seu pedido!!!!
admin@admin Sua solicitação foi enviada com sucesso aguarde nos prossimos dias a resposta a analize do seu pedido!!!!
admin@admin Sua solicitação foi enviada com sucesso aguarde nos prossimos dias a resposta a analize do seu pedido!!!!
admin@admin Sua solicitação foi enviada com sucesso aguarde nos prossimos dias a resposta a analize do seu pedido!!!!
admin@admin Sua solicitação foi enviada com sucesso aguarde nos prossimos dias a resposta a analize do seu pedido!!!!
admin@admin Sua solicitação foi enviada com sucesso aguarde nos prossimos dias a resposta a analize do seu pedido!!!!
cassius_ctc@hotmail.com Sua solicitação foi enviada com sucesso aguarde nos prossimos dias a resposta a analize do seu pedido!!!!
admin@admin|Sua solicitação foi indeferida. Motivo:oqfqogqpqp. Dados do usuario|Nome: Administrador Master_Nti|Email: admin@admin!!!
admin@admin|Sua Solicitação de Mac foi Deferida com sucesso! Segue os dados do serviço solicitado:
admin@admin
 Sua solicitação foi enviada com sucesso aguarde nos prossimos dias a resposta a analize do seu pedido!!!!
admin@admin
|Sua Solicitação de Mac foi Deferida com sucesso! Segue os dados do serviço solicitado:
admin@admin
|Sua solicitação foi indeferida. Motivo:Mac solicitado ja em uso. Dados do usuario|Nome: Administrador Master_Nti
|Email: admin@admin
!!!
admin@admin
|Sua solicitação foi indeferida. Motivo:Mac solicitado ja em uso. Dados do usuario|Nome: Administrador Master_Nti
|Email: admin@admin
!!!
admin@admin
|Sua solicitação foi indeferida. Motivo:Mac solicitado ja em uso. Dados do usuario|Nome: Administrador Master_Nti
|Email: admin@admin
!!!
admin@admin
 Sua solicitação foi enviada com sucesso aguarde nos prossimos dias a resposta a analize do seu pedido!!!!
cassius_ctc@hotmail.com Sua solicitação foi enviada com sucesso aguarde nos prossimos dias a resposta a analize do seu pedido!!!!
cassius_ctc@hotmail.com Sua solicitação foi enviada com sucesso aguarde nos prossimos dias a resposta a analize do seu pedido!!!!
cassius_ctc@hotmail.com Sua solicitação foi enviada com sucesso aguarde nos prossimos dias a resposta a analize do seu pedido!!!!
admin@admin
|Sua Solicitação de Mac foi Deferida com sucesso! Segue os dados do serviço solicitado:
admin@admin
|Sua solicitação foi indeferida. Motivo:. Dados do usuario|Nome: Administrador Master_Nti
|Email: admin@admin
!!!
cassius_ctc@hotmail.com|Sua Solicitação de Mac foi Deferida com sucesso! Segue os dados do serviço solicitado:
admin@admin
|Sua Solicitação de Mac foi Deferida com sucesso! Segue os dados do serviço solicitado:
admin@admin
|Sua Solicitação de Mac foi Deferida com sucesso! Segue os dados do serviço solicitado:
admin@admin
 Sua solicitação foi enviada com sucesso aguarde o email de resposta !!!
admin@admin
 Sua solicitação foi enviada com sucesso aguarde o email de resposta !!!
admin@admin
 Sua solicitação foi enviada com sucesso aguarde o email de resposta !!!
admin@admin
 Sua solicitação foi enviada com sucesso aguarde o email de resposta !!!
admin@admin
 Sua solicitação foi enviada com sucesso aguarde o email de resposta !!!
admin@admin
|Sua Solicitação de Mac foi Deferida com sucesso! Segue os dados do serviço solicitado:
admin@admin
|Sua Solicitação de Mac foi Deferida com sucesso! Segue os dados do serviço solicitado:
admin@admin
 Sua solicitação foi enviada com sucesso aguarde o email de resposta !!!
admin@admin
 Sua solicitação foi enviada com sucesso aguarde o email de resposta !!!
admin@admin
 Sua solicitação foi enviada com sucesso aguarde o email de resposta !!!
admin@admin
 Sua solicitação foi enviada com sucesso aguarde o email de resposta !!!
admin@admin
 Sua solicitação foi enviada com sucesso aguarde o email de resposta !!!
admin@admin
 Sua solicitação foi enviada com sucesso aguarde o email de resposta !!!
admin@admin
 Sua solicitação foi enviada com sucesso aguarde o email de resposta !!!
admin@admin
 Sua solicitação foi enviada com sucesso aguarde o email de resposta !!!
admin@admin
 Sua solicitação foi enviada com sucesso aguarde o email de resposta !!!
admin@admin
 Sua solicitação foi enviada com sucesso aguarde o email de resposta !!!
admin@admin
 Sua solicitação foi enviada com sucesso aguarde o email de resposta !!!
admin@admin
 Sua solicitação foi enviada com sucesso aguarde o email de resposta !!!
admin@admin
 Sua solicitação foi enviada com sucesso aguarde o email de resposta !!!
admin@admin
 Sua solicitação foi enviada com sucesso aguarde o email de resposta !!!
admin@admin
 Sua solicitação foi enviada com sucesso aguarde o email de resposta !!!
admin@admin
 Sua solicitação foi enviada com sucesso aguarde o email de resposta !!!
admin@admin
 Sua solicitação foi enviada com sucesso aguarde o email de resposta !!!
admin@admin
 Sua solicitação foi enviada com sucesso aguarde o email de resposta !!!
admin@admin
 Sua solicitação foi enviada com sucesso aguarde o email de resposta !!!
admin@admin
 Sua solicitação foi enviada com sucesso aguarde o email de resposta !!!
admin@admin
 Sua solicitação foi enviada com sucesso aguarde o email de resposta !!!
admin@admin
 Sua solicitação foi enviada com sucesso aguarde o email de resposta !!!
admin@admin
 Sua solicitação foi enviada com sucesso aguarde o email de resposta !!!
admin@admin
 Sua solicitação foi enviada com sucesso aguarde o email de resposta !!!
admin@admin
 Sua solicitação foi enviada com sucesso aguarde o email de resposta !!!
admin@admin
 Sua solicitação foi enviada com sucesso aguarde o email de resposta !!!
admin@admin
 Sua solicitação foi enviada com sucesso aguarde o email de resposta !!!
admin@admin
 Sua solicitação foi enviada com sucesso aguarde o email de resposta !!!
admin@admin
 Sua solicitação foi enviada com sucesso aguarde o email de resposta !!!
admin@admin
 Sua solicitação foi enviada com sucesso aguarde o email de resposta !!!
admin@admin
|Sua Solicitação de Mac foi Deferida com sucesso! Segue os dados do serviço solicitado:
admin@admin
 Sua solicitação foi enviada com sucesso aguarde o email de resposta !!!
admin@admin
 Sua solicitação foi enviada com sucesso aguarde o email de resposta !!!
cassius_ctc@hotmail.com|Sua solicitação foi indeferida. Motivo:lx xlçz. Dados do usuario|Nome: CASSIUS TALES CORDEIRO|Email: cassius_ctc@hotmail.com!!!
cassius_ctc@hotmail.com|Sua Solicitação de Mac foi Deferida com sucesso! Segue os dados do serviço solicitado:
admin@admin
 Sua solicitação foi enviada com sucesso aguarde o email de resposta !!!
admin@admin
 Sua solicitação foi enviada com sucesso aguarde o email de resposta !!!
admin@admin
 Sua solicitação foi enviada com sucesso aguarde o email de resposta !!!
cassius_ctc@hotmail.com|Sua Solicitação de Mac foi Deferida com sucesso! Segue os dados do serviço solicitado:
